[debug] [2019-09-19T20:03:07.399Z] ----------------------------------------------------------------------
[debug] [2019-09-19T20:03:07.402Z] Command:       /home/ashwanth/.nvm/versions/node/v10.16.0/bin/node /home/ashwanth/.nvm/versions/node/v10.16.0/bin/firebase serve
[debug] [2019-09-19T20:03:07.402Z] CLI Version:   7.3.2
[debug] [2019-09-19T20:03:07.402Z] Platform:      linux
[debug] [2019-09-19T20:03:07.402Z] Node Version:  v10.16.0
[debug] [2019-09-19T20:03:07.402Z] Time:          Fri Sep 20 2019 01:33:07 GMT+0530 (India Standard Time)
[debug] [2019-09-19T20:03:07.402Z] ----------------------------------------------------------------------
[debug] 
[debug] [2019-09-19T20:03:07.407Z] > command requires scopes: ["email","openid","https://www.googleapis.com/auth/cloudplatformprojects.readonly","https://www.googleapis.com/auth/firebase","https://www.googleapis.com/auth/cloud-platform"]
[debug] [2019-09-19T20:03:07.407Z] > authorizing via signed-in user
[debug] [2019-09-19T20:03:07.407Z] [iam] checking project lifehacker-1109 for permissions ["firebase.projects.get"]
[debug] [2019-09-19T20:03:07.409Z] >>> HTTP REQUEST POST https://cloudresourcemanager.googleapis.com/v1/projects/lifehacker-1109:testIamPermissions  

[debug] [2019-09-19T20:03:09.374Z] <<< HTTP RESPONSE 200
[debug] [2019-09-19T20:03:09.376Z] >>> HTTP REQUEST GET https://firebase.googleapis.com/v1beta1/projects/lifehacker-1109  
 
[debug] [2019-09-19T20:03:10.393Z] <<< HTTP RESPONSE 200
[info] 
[info] === Serving from '/home/ashwanth/Desktop/GITHUB/lifehacker-firebase'...
[info] 
[debug] [2019-09-19T20:03:10.399Z] >>> HTTP REQUEST GET https://firebase.googleapis.com/v1beta1/projects/lifehacker-1109/webApps/-/config  
 
[info] ✔  functions: Using node@10 from host.
[info] ✔  functions: Emulator started at http://localhost:5001
[debug] [2019-09-19T20:03:11.418Z] <<< HTTP RESPONSE 200
[info] i  functions: Watching "/home/ashwanth/Desktop/GITHUB/lifehacker-firebase/functions" for Cloud Functions...
[info] i  hosting: Serving hosting files from: dist
[info] ✔  hosting: Local server: http://localhost:5000
[debug] [2019-09-19T20:03:11.659Z] [runtime-status] Functions runtime initialized. {"cwd":"/home/ashwanth/Desktop/GITHUB/lifehacker-firebase/functions","node_version":"10.16.0"}
[debug] [2019-09-19T20:03:11.659Z] [runtime-status] Disabled runtime features: {"functions_config_helper":true,"network_filtering":true,"timeout":true,"memory_limiting":true,"admin_stubs":true} {}
[debug] [2019-09-19T20:03:11.661Z] [runtime-status] Resolved module firebase-admin {"declared":true,"installed":true,"version":"8.6.0","resolution":"/home/ashwanth/Desktop/GITHUB/lifehacker-firebase/functions/node_modules/firebase-admin/lib/index.js"}
[debug] [2019-09-19T20:03:11.662Z] [runtime-status] Resolved module firebase-functions {"declared":true,"installed":true,"version":"3.2.0","resolution":"/home/ashwanth/Desktop/GITHUB/lifehacker-firebase/functions/node_modules/firebase-functions/lib/index.js"}
[debug] [2019-09-19T20:03:11.663Z] [runtime-status] Resolved module firebase-functions {"declared":true,"installed":true,"version":"3.2.0","resolution":"/home/ashwanth/Desktop/GITHUB/lifehacker-firebase/functions/node_modules/firebase-functions/lib/index.js"}
[info] ✔  functions[api]: http function initialized (http://localhost:5001/lifehacker-1109/us-central1/api).
[info] [hosting] Rewriting /api to http://localhost:5001/lifehacker-1109/us-central1/api for local Function api
[debug] [2019-09-19T20:03:20.833Z] Accepted request GET /lifehacker-1109/us-central1/api/api --> api
[debug] [2019-09-19T20:03:21.279Z] [runtime-status] Functions runtime initialized. {"cwd":"/home/ashwanth/Desktop/GITHUB/lifehacker-firebase/functions","node_version":"10.16.0"}
[info] i  functions: Beginning execution of "api"
[debug] [2019-09-19T20:03:21.280Z] [runtime-status] Disabled runtime features: {"functions_config_helper":true,"network_filtering":true,"timeout":true,"memory_limiting":true,"admin_stubs":true} {}
[debug] [2019-09-19T20:03:21.282Z] [runtime-status] Resolved module firebase-admin {"declared":true,"installed":true,"version":"8.6.0","resolution":"/home/ashwanth/Desktop/GITHUB/lifehacker-firebase/functions/node_modules/firebase-admin/lib/index.js"}
[debug] [2019-09-19T20:03:21.283Z] [runtime-status] Resolved module firebase-functions {"declared":true,"installed":true,"version":"3.2.0","resolution":"/home/ashwanth/Desktop/GITHUB/lifehacker-firebase/functions/node_modules/firebase-functions/lib/index.js"}
[debug] [2019-09-19T20:03:21.285Z] [runtime-status] Resolved module firebase-functions {"declared":true,"installed":true,"version":"3.2.0","resolution":"/home/ashwanth/Desktop/GITHUB/lifehacker-firebase/functions/node_modules/firebase-functions/lib/index.js"}
[debug] [2019-09-19T20:03:21.372Z] [runtime-status] Trigger "api" has been found, beginning invocation! {}
[debug] [2019-09-19T20:03:21.372Z] [runtime-status]  {"httpsTrigger":{},"name":"api","entryPoint":"api"}
[debug] [2019-09-19T20:03:21.372Z] [runtime-status] Running api in mode HTTPS {}
[debug] [2019-09-19T20:03:21.379Z] {"socketPath":"/tmp/firebase_emulator_invocation_31480.sock"}
[debug] [2019-09-19T20:03:21.381Z] [functions] Runtime ready! Sending request! {"socketPath":"/tmp/firebase_emulator_invocation_31480.sock"}
[debug] [2019-09-19T20:03:21.390Z] [runtime-status] Ephemeral server used! {}
[debug] [2019-09-19T20:03:21.401Z] [runtime-status] Ephemeral server survived. {}
[info] i  functions: Finished "api" in ~1s
[debug] [2019-09-19T20:03:47.541Z] File /home/ashwanth/Desktop/GITHUB/lifehacker-firebase/functions/src/index.ts changed, reloading triggers
[debug] [2019-09-19T20:03:48.804Z] [runtime-status] Functions runtime initialized. {"cwd":"/home/ashwanth/Desktop/GITHUB/lifehacker-firebase/functions","node_version":"10.16.0"}
[debug] [2019-09-19T20:03:48.805Z] [runtime-status] Disabled runtime features: {"functions_config_helper":true,"network_filtering":true,"timeout":true,"memory_limiting":true,"admin_stubs":true} {}
[debug] [2019-09-19T20:03:48.808Z] [runtime-status] Resolved module firebase-admin {"declared":true,"installed":true,"version":"8.6.0","resolution":"/home/ashwanth/Desktop/GITHUB/lifehacker-firebase/functions/node_modules/firebase-admin/lib/index.js"}
[debug] [2019-09-19T20:03:48.809Z] [runtime-status] Resolved module firebase-functions {"declared":true,"installed":true,"version":"3.2.0","resolution":"/home/ashwanth/Desktop/GITHUB/lifehacker-firebase/functions/node_modules/firebase-functions/lib/index.js"}
[debug] [2019-09-19T20:03:48.810Z] [runtime-status] Resolved module firebase-functions {"declared":true,"installed":true,"version":"3.2.0","resolution":"/home/ashwanth/Desktop/GITHUB/lifehacker-firebase/functions/node_modules/firebase-functions/lib/index.js"}
